d:\my dongxi\我的学习\程序\10\10\x64\debug\vc145.pdb
d:\my dongxi\我的学习\程序\10\10\x64\debug\vc145.idb
d:\my dongxi\我的学习\程序\10\10\x64\debug\main.obj
d:\my dongxi\我的学习\程序\10\10\x64\debug\arraymanager.obj
d:\my dongxi\我的学习\程序\10\10\x64\debug\arraymanager.h.ifc
d:\my dongxi\我的学习\程序\10\10\x64\debug\arraymanager.h.ifc.d.json
d:\my dongxi\我的学习\程序\10\10\x64\debug\arraymanager.h.obj
d:\my dongxi\我的学习\程序\10\x64\debug\10.exe
d:\my dongxi\我的学习\程序\10\x64\debug\10.pdb
d:\my dongxi\我的学习\程序\10\10\x64\debug\arraymanager.h.module.json
d:\my dongxi\我的学习\程序\10\10\x64\debug\10.ilk
d:\my dongxi\我的学习\程序\10\10\x64\debug\10.tlog\cl.command.1.tlog
d:\my dongxi\我的学习\程序\10\10\x64\debug\10.tlog\cl.items.tlog
d:\my dongxi\我的学习\程序\10\10\x64\debug\10.tlog\cl.read.1.tlog
d:\my dongxi\我的学习\程序\10\10\x64\debug\10.tlog\cl.write.1.tlog
d:\my dongxi\我的学习\程序\10\10\x64\debug\10.tlog\link.command.1.tlog
d:\my dongxi\我的学习\程序\10\10\x64\debug\10.tlog\link.read.1.tlog
d:\my dongxi\我的学习\程序\10\10\x64\debug\10.tlog\link.secondary.1.tlog
d:\my dongxi\我的学习\程序\10\10\x64\debug\10.tlog\link.write.1.tlog
d:\my dongxi\我的学习\程序\10\10\x64\debug\10_md.tlog\cl.command.1.tlog
d:\my dongxi\我的学习\程序\10\10\x64\debug\10_md.tlog\microsoft.build.cpptasks.cl.read.1.tlog
d:\my dongxi\我的学习\程序\10\10\x64\debug\10_md.tlog\microsoft.build.cpptasks.cl.write.1.tlog
